<?xml version="1.0" encoding="UTF-8"?>
<testng-results ignored="0" total="1" passed="1" failed="0" skipped="0">
  <reporter-output>
  </reporter-output>
  <suite started-at="2023-01-19T15:12:52 EST" name="Suite" finished-at="2023-01-19T15:13:08 EST" duration-ms="15958">
    <groups>
      <group name="cucumber">
        <method signature="AbstractTestNGCucumberTests.runScenario(cucumber.api.testng.PickleEventWrapper,cucumber.api.testng.CucumberFeatureWrapper)[pri:0, instance:com.cucumber.test.FinalCucumber@e15b7e8]" name="runScenario" class="cucumber.api.testng.AbstractTestNGCucumberTests"/>
      </group> <!-- cucumber -->
    </groups>
    <test started-at="2023-01-19T15:12:52 EST" name="Test" finished-at="2023-01-19T15:13:08 EST" duration-ms="15958">
      <class name="com.cucumber.test.FinalCucumber">
        <test-method is-config="true" signature="setUpClass()[pri:0, instance:com.cucumber.test.FinalCucumber@e15b7e8]" started-at="2023-01-19T15:12:52 EST" name="setUpClass" finished-at="2023-01-19T15:12:52 EST" duration-ms="127" status="PASS">
          <reporter-output>
          </reporter-output>
        </test-method> <!-- setUpClass -->
        <test-method signature="runScenario(cucumber.api.testng.PickleEventWrapper,cucumber.api.testng.CucumberFeatureWrapper)[pri:0, instance:com.cucumber.test.FinalCucumber@e15b7e8]" started-at="2023-01-19T15:12:52 EST" name="runScenario" description="Runs Cucumber Scenarios" data-provider="scenarios" finished-at="2023-01-19T15:13:08 EST" duration-ms="15677" status="PASS">
          <params>
            <param index="0">
              <value>
                <![CDATA["user must able to successfully login the application with valid credintial"]]>
              </value>
            </param>
            <param index="1">
              <value>
                <![CDATA["Login function test final"]]>
              </value>
            </param>
          </params>
          <reporter-output>
          </reporter-output>
        </test-method> <!-- runScenario -->
        <test-method is-config="true" signature="tearDownClass()[pri:0, instance:com.cucumber.test.FinalCucumber@e15b7e8]" started-at="2023-01-19T15:13:08 EST" name="tearDownClass" finished-at="2023-01-19T15:13:08 EST" duration-ms="47" status="PASS">
          <reporter-output>
          </reporter-output>
        </test-method> <!-- tearDownClass -->
      </class> <!-- com.cucumber.test.FinalCucumber -->
    </test> <!-- Test -->
  </suite> <!-- Suite -->
</testng-results>
