<?xml version="1.0" encoding="UTF-8"?>
<testng-results ignored="0" total="3" passed="3" failed="0" skipped="0">
  <reporter-output>
  </reporter-output>
  <suite started-at="2022-12-29T14:15:17 EST" name="Suite" finished-at="2022-12-29T14:15:28 EST" duration-ms="10772">
    <groups>
    </groups>
    <test started-at="2022-12-29T14:15:17 EST" name="LumaTest" finished-at="2022-12-29T14:15:22 EST" duration-ms="5134">
      <class name="com.generic.LumaWithTestng">
        <test-method is-config="true" signature="setup()[pri:0, instance:com.generic.LumaWithTestng@1ffaf86]" started-at="2022-12-29T14:15:17 EST" name="setup" finished-at="2022-12-29T14:15:22 EST" duration-ms="5080" status="PASS">
          <reporter-output>
          </reporter-output>
        </test-method> <!-- setup -->
        <test-method signature="loginTest()[pri:0, instance:com.generic.LumaWithTestng@1ffaf86]" started-at="2022-12-29T14:15:22 EST" name="loginTest" finished-at="2022-12-29T14:15:22 EST" duration-ms="5" status="PASS">
          <reporter-output>
          </reporter-output>
        </test-method> <!-- loginTest -->
        <test-method is-config="true" signature="teardown()[pri:0, instance:com.generic.LumaWithTestng@1ffaf86]" started-at="2022-12-29T14:15:22 EST" name="teardown" finished-at="2022-12-29T14:15:22 EST" duration-ms="0" status="PASS">
          <reporter-output>
          </reporter-output>
        </test-method> <!-- teardown -->
      </class> <!-- com.generic.LumaWithTestng -->
    </test> <!-- LumaTest -->
    <test started-at="2022-12-29T14:15:17 EST" name="GoogleTest" finished-at="2022-12-29T14:15:23 EST" duration-ms="5859">
      <class name="com.generic.GoogleWithTestng">
        <test-method is-config="true" signature="setup()[pri:0, instance:com.generic.GoogleWithTestng@47e2e487]" started-at="2022-12-29T14:15:17 EST" name="setup" finished-at="2022-12-29T14:15:23 EST" duration-ms="5841" status="PASS">
          <reporter-output>
          </reporter-output>
        </test-method> <!-- setup -->
        <test-method signature="loginTest()[pri:0, instance:com.generic.GoogleWithTestng@47e2e487]" started-at="2022-12-29T14:15:23 EST" name="loginTest" finished-at="2022-12-29T14:15:23 EST" duration-ms="1" status="PASS">
          <reporter-output>
          </reporter-output>
        </test-method> <!-- loginTest -->
        <test-method is-config="true" signature="teardown()[pri:0, instance:com.generic.GoogleWithTestng@47e2e487]" started-at="2022-12-29T14:15:23 EST" name="teardown" finished-at="2022-12-29T14:15:23 EST" duration-ms="0" status="PASS">
          <reporter-output>
          </reporter-output>
        </test-method> <!-- teardown -->
      </class> <!-- com.generic.GoogleWithTestng -->
    </test> <!-- GoogleTest -->
    <test started-at="2022-12-29T14:15:17 EST" name="CostcoTest" finished-at="2022-12-29T14:15:28 EST" duration-ms="10772">
      <class name="com.generic.CostcowithTestng">
        <test-method is-config="true" signature="setup()[pri:0, instance:com.generic.CostcowithTestng@e350b40]" started-at="2022-12-29T14:15:17 EST" name="setup" finished-at="2022-12-29T14:15:28 EST" duration-ms="10753" status="PASS">
          <reporter-output>
          </reporter-output>
        </test-method> <!-- setup -->
        <test-method signature="loginTest()[pri:0, instance:com.generic.CostcowithTestng@e350b40]" started-at="2022-12-29T14:15:28 EST" name="loginTest" finished-at="2022-12-29T14:15:28 EST" duration-ms="1" status="PASS">
          <reporter-output>
          </reporter-output>
        </test-method> <!-- loginTest -->
        <test-method is-config="true" signature="teardown()[pri:0, instance:com.generic.CostcowithTestng@e350b40]" started-at="2022-12-29T14:15:28 EST" name="teardown" finished-at="2022-12-29T14:15:28 EST" duration-ms="0" status="PASS">
          <reporter-output>
          </reporter-output>
        </test-method> <!-- teardown -->
      </class> <!-- com.generic.CostcowithTestng -->
    </test> <!-- CostcoTest -->
  </suite> <!-- Suite -->
</testng-results>
